[2021-01-12 11:05:20] app.INFO: Exporting mail with theme modern for language English (English) [] []
[2021-01-12 11:05:20] app.INFO: Core output folder: /var/www/html/presta/mails [] []
[2021-01-12 11:05:20] app.INFO: Modules output folder: /var/www/html/presta/modules/ [] []
[2021-01-12 11:05:20] app.INFO: Generate html template account at /var/www/html/presta/mails/en/account.html [] []
[2021-01-12 11:05:20] app.INFO: Generate txt template account at /var/www/html/presta/mails/en/account.txt [] []
[2021-01-12 11:05:20] app.INFO: Generate html template backoffice_order at /var/www/html/presta/mails/en/backoffice_order.html [] []
[2021-01-12 11:05:20] app.INFO: Generate txt template backoffice_order at /var/www/html/presta/mails/en/backoffice_order.txt [] []
[2021-01-12 11:05:20] app.INFO: Generate html template bankwire at /var/www/html/presta/mails/en/bankwire.html [] []
[2021-01-12 11:05:20] app.INFO: Generate txt template bankwire at /var/www/html/presta/mails/en/bankwire.txt [] []
[2021-01-12 11:05:20] app.INFO: Generate html template cheque at /var/www/html/presta/mails/en/cheque.html [] []
[2021-01-12 11:05:20] app.INFO: Generate txt template cheque at /var/www/html/presta/mails/en/cheque.txt [] []
[2021-01-12 11:05:20] app.INFO: Generate html template contact at /var/www/html/presta/mails/en/contact.html [] []
[2021-01-12 11:05:20] app.INFO: Generate txt template contact at /var/www/html/presta/mails/en/contact.txt [] []
[2021-01-12 11:05:20] app.INFO: Generate html template contact_form at /var/www/html/presta/mails/en/contact_form.html [] []
[2021-01-12 11:05:20] app.INFO: Generate txt template contact_form at /var/www/html/presta/mails/en/contact_form.txt [] []
[2021-01-12 11:05:20] app.INFO: Generate html template credit_slip at /var/www/html/presta/mails/en/credit_slip.html [] []
[2021-01-12 11:05:20] app.INFO: Generate txt template credit_slip at /var/www/html/presta/mails/en/credit_slip.txt [] []
[2021-01-12 11:05:20] app.INFO: Generate html template download_product at /var/www/html/presta/mails/en/download_product.html [] []
[2021-01-12 11:05:20] app.INFO: Generate txt template download_product at /var/www/html/presta/mails/en/download_product.txt [] []
[2021-01-12 11:05:20] app.INFO: Generate html template employee_password at /var/www/html/presta/mails/en/employee_password.html [] []
[2021-01-12 11:05:20] app.INFO: Generate txt template employee_password at /var/www/html/presta/mails/en/employee_password.txt [] []
[2021-01-12 11:05:20] app.INFO: Generate html template forward_msg at /var/www/html/presta/mails/en/forward_msg.html [] []
[2021-01-12 11:05:20] app.INFO: Generate txt template forward_msg at /var/www/html/presta/mails/en/forward_msg.txt [] []
[2021-01-12 11:05:20] app.INFO: Generate html template guest_to_customer at /var/www/html/presta/mails/en/guest_to_customer.html [] []
[2021-01-12 11:05:20] app.INFO: Generate txt template guest_to_customer at /var/www/html/presta/mails/en/guest_to_customer.txt [] []
[2021-01-12 11:05:20] app.INFO: Generate html template import at /var/www/html/presta/mails/en/import.html [] []
[2021-01-12 11:05:20] app.INFO: Generate txt template import at /var/www/html/presta/mails/en/import.txt [] []
[2021-01-12 11:05:20] app.INFO: Generate html template in_transit at /var/www/html/presta/mails/en/in_transit.html [] []
[2021-01-12 11:05:20] app.INFO: Generate txt template in_transit at /var/www/html/presta/mails/en/in_transit.txt [] []
[2021-01-12 11:05:20] app.INFO: Generate html template log_alert at /var/www/html/presta/mails/en/log_alert.html [] []
[2021-01-12 11:05:20] app.INFO: Generate txt template log_alert at /var/www/html/presta/mails/en/log_alert.txt [] []
[2021-01-12 11:05:20] app.INFO: Generate html template newsletter at /var/www/html/presta/mails/en/newsletter.html [] []
[2021-01-12 11:05:20] app.INFO: Generate txt template newsletter at /var/www/html/presta/mails/en/newsletter.txt [] []
[2021-01-12 11:05:21] app.INFO: Generate html template order_canceled at /var/www/html/presta/mails/en/order_canceled.html [] []
[2021-01-12 11:05:21] app.INFO: Generate txt template order_canceled at /var/www/html/presta/mails/en/order_canceled.txt [] []
[2021-01-12 11:05:21] app.INFO: Generate html template order_changed at /var/www/html/presta/mails/en/order_changed.html [] []
[2021-01-12 11:05:21] app.INFO: Generate txt template order_changed at /var/www/html/presta/mails/en/order_changed.txt [] []
[2021-01-12 11:05:21] app.INFO: Generate html template order_conf at /var/www/html/presta/mails/en/order_conf.html [] []
[2021-01-12 11:05:21] app.INFO: Generate txt template order_conf at /var/www/html/presta/mails/en/order_conf.txt [] []
[2021-01-12 11:05:21] app.INFO: Generate html template order_customer_comment at /var/www/html/presta/mails/en/order_customer_comment.html [] []
[2021-01-12 11:05:21] app.INFO: Generate txt template order_customer_comment at /var/www/html/presta/mails/en/order_customer_comment.txt [] []
[2021-01-12 11:05:21] app.INFO: Generate html template order_merchant_comment at /var/www/html/presta/mails/en/order_merchant_comment.html [] []
[2021-01-12 11:05:21] app.INFO: Generate txt template order_merchant_comment at /var/www/html/presta/mails/en/order_merchant_comment.txt [] []
[2021-01-12 11:05:21] app.INFO: Generate html template order_return_state at /var/www/html/presta/mails/en/order_return_state.html [] []
[2021-01-12 11:05:21] app.INFO: Generate txt template order_return_state at /var/www/html/presta/mails/en/order_return_state.txt [] []
[2021-01-12 11:05:21] app.INFO: Generate html template outofstock at /var/www/html/presta/mails/en/outofstock.html [] []
[2021-01-12 11:05:21] app.INFO: Generate txt template outofstock at /var/www/html/presta/mails/en/outofstock.txt [] []
[2021-01-12 11:05:21] app.INFO: Generate html template password at /var/www/html/presta/mails/en/password.html [] []
[2021-01-12 11:05:21] app.INFO: Generate txt template password at /var/www/html/presta/mails/en/password.txt [] []
[2021-01-12 11:05:21] app.INFO: Generate html template password_query at /var/www/html/presta/mails/en/password_query.html [] []
[2021-01-12 11:05:21] app.INFO: Generate txt template password_query at /var/www/html/presta/mails/en/password_query.txt [] []
[2021-01-12 11:05:21] app.INFO: Generate html template payment at /var/www/html/presta/mails/en/payment.html [] []
[2021-01-12 11:05:21] app.INFO: Generate txt template payment at /var/www/html/presta/mails/en/payment.txt [] []
[2021-01-12 11:05:21] app.INFO: Generate html template payment_error at /var/www/html/presta/mails/en/payment_error.html [] []
[2021-01-12 11:05:21] app.INFO: Generate txt template payment_error at /var/www/html/presta/mails/en/payment_error.txt [] []
[2021-01-12 11:05:21] app.INFO: Generate html template preparation at /var/www/html/presta/mails/en/preparation.html [] []
[2021-01-12 11:05:21] app.INFO: Generate txt template preparation at /var/www/html/presta/mails/en/preparation.txt [] []
[2021-01-12 11:05:21] app.INFO: Generate html template productoutofstock at /var/www/html/presta/mails/en/productoutofstock.html [] []
[2021-01-12 11:05:21] app.INFO: Generate txt template productoutofstock at /var/www/html/presta/mails/en/productoutofstock.txt [] []
[2021-01-12 11:05:21] app.INFO: Generate html template refund at /var/www/html/presta/mails/en/refund.html [] []
[2021-01-12 11:05:21] app.INFO: Generate txt template refund at /var/www/html/presta/mails/en/refund.txt [] []
[2021-01-12 11:05:21] app.INFO: Generate html template reply_msg at /var/www/html/presta/mails/en/reply_msg.html [] []
[2021-01-12 11:05:21] app.INFO: Generate txt template reply_msg at /var/www/html/presta/mails/en/reply_msg.txt [] []
[2021-01-12 11:05:21] app.INFO: Generate html template shipped at /var/www/html/presta/mails/en/shipped.html [] []
[2021-01-12 11:05:21] app.INFO: Generate txt template shipped at /var/www/html/presta/mails/en/shipped.txt [] []
[2021-01-12 11:05:21] app.INFO: Generate html template test at /var/www/html/presta/mails/en/test.html [] []
[2021-01-12 11:05:21] app.INFO: Generate txt template test at /var/www/html/presta/mails/en/test.txt [] []
[2021-01-12 11:05:21] app.INFO: Generate html template voucher at /var/www/html/presta/mails/en/voucher.html [] []
[2021-01-12 11:05:21] app.INFO: Generate txt template voucher at /var/www/html/presta/mails/en/voucher.txt [] []
[2021-01-12 11:05:21] app.INFO: Generate html template voucher_new at /var/www/html/presta/mails/en/voucher_new.html [] []
[2021-01-12 11:05:21] app.INFO: Generate txt template voucher_new at /var/www/html/presta/mails/en/voucher_new.txt [] []
[2021-01-12 11:05:21] app.INFO: Generate html template referralprogram-congratulations at /var/www/html/presta/modules//referralprogram/mails/en/referralprogram-congratulations.html [] []
[2021-01-12 11:05:21] app.INFO: Generate txt template referralprogram-congratulations at /var/www/html/presta/modules//referralprogram/mails/en/referralprogram-congratulations.txt [] []
[2021-01-12 11:05:21] app.INFO: Generate html template referralprogram-invitation at /var/www/html/presta/modules//referralprogram/mails/en/referralprogram-invitation.html [] []
[2021-01-12 11:05:21] app.INFO: Generate txt template referralprogram-invitation at /var/www/html/presta/modules//referralprogram/mails/en/referralprogram-invitation.txt [] []
[2021-01-12 11:05:21] app.INFO: Generate html template referralprogram-voucher at /var/www/html/presta/modules//referralprogram/mails/en/referralprogram-voucher.html [] []
[2021-01-12 11:05:21] app.INFO: Generate txt template referralprogram-voucher at /var/www/html/presta/modules//referralprogram/mails/en/referralprogram-voucher.txt [] []
[2021-01-12 11:05:21] app.INFO: Generate html template newsletter_conf at /var/www/html/presta/modules//ps_emailsubscription/mails/en/newsletter_conf.html [] []
[2021-01-12 11:05:21] app.INFO: Generate txt template newsletter_conf at /var/www/html/presta/modules//ps_emailsubscription/mails/en/newsletter_conf.txt [] []
[2021-01-12 11:05:21] app.INFO: Generate html template newsletter_verif at /var/www/html/presta/modules//ps_emailsubscription/mails/en/newsletter_verif.html [] []
[2021-01-12 11:05:21] app.INFO: Generate txt template newsletter_verif at /var/www/html/presta/modules//ps_emailsubscription/mails/en/newsletter_verif.txt [] []
[2021-01-12 11:05:21] app.INFO: Generate html template newsletter_voucher at /var/www/html/presta/modules//ps_emailsubscription/mails/en/newsletter_voucher.html [] []
[2021-01-12 11:05:21] app.INFO: Generate txt template newsletter_voucher at /var/www/html/presta/modules//ps_emailsubscription/mails/en/newsletter_voucher.txt [] []
[2021-01-12 11:05:21] app.INFO: Generate html template customer_qty at /var/www/html/presta/modules//ps_emailalerts/mails/en/customer_qty.html [] []
[2021-01-12 11:05:21] app.INFO: Generate txt template customer_qty at /var/www/html/presta/modules//ps_emailalerts/mails/en/customer_qty.txt [] []
[2021-01-12 11:05:21] app.INFO: Generate html template new_order at /var/www/html/presta/modules//ps_emailalerts/mails/en/new_order.html [] []
[2021-01-12 11:05:21] app.INFO: Generate txt template new_order at /var/www/html/presta/modules//ps_emailalerts/mails/en/new_order.txt [] []
[2021-01-12 11:05:21] app.INFO: Generate html template order_changed at /var/www/html/presta/modules//ps_emailalerts/mails/en/order_changed.html [] []
[2021-01-12 11:05:21] app.INFO: Generate txt template order_changed at /var/www/html/presta/modules//ps_emailalerts/mails/en/order_changed.txt [] []
[2021-01-12 11:05:21] app.INFO: Generate html template productcoverage at /var/www/html/presta/modules//ps_emailalerts/mails/en/productcoverage.html [] []
[2021-01-12 11:05:21] app.INFO: Generate txt template productcoverage at /var/www/html/presta/modules//ps_emailalerts/mails/en/productcoverage.txt [] []
[2021-01-12 11:05:21] app.INFO: Generate html template productoutofstock at /var/www/html/presta/modules//ps_emailalerts/mails/en/productoutofstock.html [] []
[2021-01-12 11:05:21] app.INFO: Generate txt template productoutofstock at /var/www/html/presta/modules//ps_emailalerts/mails/en/productoutofstock.txt [] []
[2021-01-12 11:05:21] app.INFO: Generate html template return_slip at /var/www/html/presta/modules//ps_emailalerts/mails/en/return_slip.html [] []
[2021-01-12 11:05:21] app.INFO: Generate txt template return_slip at /var/www/html/presta/modules//ps_emailalerts/mails/en/return_slip.txt [] []
[2021-01-12 11:05:21] app.INFO: Generate html template followup_1 at /var/www/html/presta/modules//followup/mails/en/followup_1.html [] []
[2021-01-12 11:05:21] app.INFO: Generate txt template followup_1 at /var/www/html/presta/modules//followup/mails/en/followup_1.txt [] []
[2021-01-12 11:05:21] app.INFO: Generate html template followup_2 at /var/www/html/presta/modules//followup/mails/en/followup_2.html [] []
[2021-01-12 11:05:22] app.INFO: Generate txt template followup_2 at /var/www/html/presta/modules//followup/mails/en/followup_2.txt [] []
[2021-01-12 11:05:22] app.INFO: Generate html template followup_3 at /var/www/html/presta/modules//followup/mails/en/followup_3.html [] []
[2021-01-12 11:05:22] app.INFO: Generate txt template followup_3 at /var/www/html/presta/modules//followup/mails/en/followup_3.txt [] []
[2021-01-12 11:05:22] app.INFO: Generate html template followup_4 at /var/www/html/presta/modules//followup/mails/en/followup_4.html [] []
[2021-01-12 11:05:22] app.INFO: Generate txt template followup_4 at /var/www/html/presta/modules//followup/mails/en/followup_4.txt [] []
[2021-01-12 11:05:24] app.INFO: Exporting mail with theme modern for language Polski (Polish) [] []
[2021-01-12 11:05:24] app.INFO: Core output folder: /var/www/html/presta/mails [] []
[2021-01-12 11:05:24] app.INFO: Modules output folder: /var/www/html/presta/modules/ [] []
[2021-01-12 11:05:24] app.INFO: Generate html template account at /var/www/html/presta/mails/pl/account.html [] []
[2021-01-12 11:05:25] app.INFO: Generate txt template account at /var/www/html/presta/mails/pl/account.txt [] []
[2021-01-12 11:05:25] app.INFO: Generate html template backoffice_order at /var/www/html/presta/mails/pl/backoffice_order.html [] []
[2021-01-12 11:05:25] app.INFO: Generate txt template backoffice_order at /var/www/html/presta/mails/pl/backoffice_order.txt [] []
[2021-01-12 11:05:25] app.INFO: Generate html template bankwire at /var/www/html/presta/mails/pl/bankwire.html [] []
[2021-01-12 11:05:25] app.INFO: Generate txt template bankwire at /var/www/html/presta/mails/pl/bankwire.txt [] []
[2021-01-12 11:05:25] app.INFO: Generate html template cheque at /var/www/html/presta/mails/pl/cheque.html [] []
[2021-01-12 11:05:25] app.INFO: Generate txt template cheque at /var/www/html/presta/mails/pl/cheque.txt [] []
[2021-01-12 11:05:25] app.INFO: Generate html template contact at /var/www/html/presta/mails/pl/contact.html [] []
[2021-01-12 11:05:25] app.INFO: Generate txt template contact at /var/www/html/presta/mails/pl/contact.txt [] []
[2021-01-12 11:05:25] app.INFO: Generate html template contact_form at /var/www/html/presta/mails/pl/contact_form.html [] []
[2021-01-12 11:05:25] app.INFO: Generate txt template contact_form at /var/www/html/presta/mails/pl/contact_form.txt [] []
[2021-01-12 11:05:25] app.INFO: Generate html template credit_slip at /var/www/html/presta/mails/pl/credit_slip.html [] []
[2021-01-12 11:05:25] app.INFO: Generate txt template credit_slip at /var/www/html/presta/mails/pl/credit_slip.txt [] []
[2021-01-12 11:05:25] app.INFO: Generate html template download_product at /var/www/html/presta/mails/pl/download_product.html [] []
[2021-01-12 11:05:25] app.INFO: Generate txt template download_product at /var/www/html/presta/mails/pl/download_product.txt [] []
[2021-01-12 11:05:25] app.INFO: Generate html template employee_password at /var/www/html/presta/mails/pl/employee_password.html [] []
[2021-01-12 11:05:25] app.INFO: Generate txt template employee_password at /var/www/html/presta/mails/pl/employee_password.txt [] []
[2021-01-12 11:05:25] app.INFO: Generate html template forward_msg at /var/www/html/presta/mails/pl/forward_msg.html [] []
[2021-01-12 11:05:25] app.INFO: Generate txt template forward_msg at /var/www/html/presta/mails/pl/forward_msg.txt [] []
[2021-01-12 11:05:25] app.INFO: Generate html template guest_to_customer at /var/www/html/presta/mails/pl/guest_to_customer.html [] []
[2021-01-12 11:05:25] app.INFO: Generate txt template guest_to_customer at /var/www/html/presta/mails/pl/guest_to_customer.txt [] []
[2021-01-12 11:05:25] app.INFO: Generate html template import at /var/www/html/presta/mails/pl/import.html [] []
[2021-01-12 11:05:25] app.INFO: Generate txt template import at /var/www/html/presta/mails/pl/import.txt [] []
[2021-01-12 11:05:25] app.INFO: Generate html template in_transit at /var/www/html/presta/mails/pl/in_transit.html [] []
[2021-01-12 11:05:25] app.INFO: Generate txt template in_transit at /var/www/html/presta/mails/pl/in_transit.txt [] []
[2021-01-12 11:05:25] app.INFO: Generate html template log_alert at /var/www/html/presta/mails/pl/log_alert.html [] []
[2021-01-12 11:05:25] app.INFO: Generate txt template log_alert at /var/www/html/presta/mails/pl/log_alert.txt [] []
[2021-01-12 11:05:25] app.INFO: Generate html template newsletter at /var/www/html/presta/mails/pl/newsletter.html [] []
[2021-01-12 11:05:25] app.INFO: Generate txt template newsletter at /var/www/html/presta/mails/pl/newsletter.txt [] []
[2021-01-12 11:05:25] app.INFO: Generate html template order_canceled at /var/www/html/presta/mails/pl/order_canceled.html [] []
[2021-01-12 11:05:25] app.INFO: Generate txt template order_canceled at /var/www/html/presta/mails/pl/order_canceled.txt [] []
[2021-01-12 11:05:25] app.INFO: Generate html template order_changed at /var/www/html/presta/mails/pl/order_changed.html [] []
[2021-01-12 11:05:25] app.INFO: Generate txt template order_changed at /var/www/html/presta/mails/pl/order_changed.txt [] []
[2021-01-12 11:05:25] app.INFO: Generate html template order_conf at /var/www/html/presta/mails/pl/order_conf.html [] []
[2021-01-12 11:05:25] app.INFO: Generate txt template order_conf at /var/www/html/presta/mails/pl/order_conf.txt [] []
[2021-01-12 11:05:25] app.INFO: Generate html template order_customer_comment at /var/www/html/presta/mails/pl/order_customer_comment.html [] []
[2021-01-12 11:05:25] app.INFO: Generate txt template order_customer_comment at /var/www/html/presta/mails/pl/order_customer_comment.txt [] []
[2021-01-12 11:05:25] app.INFO: Generate html template order_merchant_comment at /var/www/html/presta/mails/pl/order_merchant_comment.html [] []
[2021-01-12 11:05:25] app.INFO: Generate txt template order_merchant_comment at /var/www/html/presta/mails/pl/order_merchant_comment.txt [] []
[2021-01-12 11:05:25] app.INFO: Generate html template order_return_state at /var/www/html/presta/mails/pl/order_return_state.html [] []
[2021-01-12 11:05:25] app.INFO: Generate txt template order_return_state at /var/www/html/presta/mails/pl/order_return_state.txt [] []
[2021-01-12 11:05:25] app.INFO: Generate html template outofstock at /var/www/html/presta/mails/pl/outofstock.html [] []
[2021-01-12 11:05:25] app.INFO: Generate txt template outofstock at /var/www/html/presta/mails/pl/outofstock.txt [] []
[2021-01-12 11:05:25] app.INFO: Generate html template password at /var/www/html/presta/mails/pl/password.html [] []
[2021-01-12 11:05:25] app.INFO: Generate txt template password at /var/www/html/presta/mails/pl/password.txt [] []
[2021-01-12 11:05:25] app.INFO: Generate html template password_query at /var/www/html/presta/mails/pl/password_query.html [] []
[2021-01-12 11:05:25] app.INFO: Generate txt template password_query at /var/www/html/presta/mails/pl/password_query.txt [] []
[2021-01-12 11:05:25] app.INFO: Generate html template payment at /var/www/html/presta/mails/pl/payment.html [] []
[2021-01-12 11:05:25] app.INFO: Generate txt template payment at /var/www/html/presta/mails/pl/payment.txt [] []
[2021-01-12 11:05:25] app.INFO: Generate html template payment_error at /var/www/html/presta/mails/pl/payment_error.html [] []
[2021-01-12 11:05:25] app.INFO: Generate txt template payment_error at /var/www/html/presta/mails/pl/payment_error.txt [] []
[2021-01-12 11:05:25] app.INFO: Generate html template preparation at /var/www/html/presta/mails/pl/preparation.html [] []
[2021-01-12 11:05:25] app.INFO: Generate txt template preparation at /var/www/html/presta/mails/pl/preparation.txt [] []
[2021-01-12 11:05:25] app.INFO: Generate html template productoutofstock at /var/www/html/presta/mails/pl/productoutofstock.html [] []
[2021-01-12 11:05:25] app.INFO: Generate txt template productoutofstock at /var/www/html/presta/mails/pl/productoutofstock.txt [] []
[2021-01-12 11:05:25] app.INFO: Generate html template refund at /var/www/html/presta/mails/pl/refund.html [] []
[2021-01-12 11:05:25] app.INFO: Generate txt template refund at /var/www/html/presta/mails/pl/refund.txt [] []
[2021-01-12 11:05:25] app.INFO: Generate html template reply_msg at /var/www/html/presta/mails/pl/reply_msg.html [] []
[2021-01-12 11:05:25] app.INFO: Generate txt template reply_msg at /var/www/html/presta/mails/pl/reply_msg.txt [] []
[2021-01-12 11:05:25] app.INFO: Generate html template shipped at /var/www/html/presta/mails/pl/shipped.html [] []
[2021-01-12 11:05:25] app.INFO: Generate txt template shipped at /var/www/html/presta/mails/pl/shipped.txt [] []
[2021-01-12 11:05:25] app.INFO: Generate html template test at /var/www/html/presta/mails/pl/test.html [] []
[2021-01-12 11:05:25] app.INFO: Generate txt template test at /var/www/html/presta/mails/pl/test.txt [] []
[2021-01-12 11:05:25] app.INFO: Generate html template voucher at /var/www/html/presta/mails/pl/voucher.html [] []
[2021-01-12 11:05:25] app.INFO: Generate txt template voucher at /var/www/html/presta/mails/pl/voucher.txt [] []
[2021-01-12 11:05:25] app.INFO: Generate html template voucher_new at /var/www/html/presta/mails/pl/voucher_new.html [] []
[2021-01-12 11:05:25] app.INFO: Generate txt template voucher_new at /var/www/html/presta/mails/pl/voucher_new.txt [] []
[2021-01-12 11:05:25] app.INFO: Generate html template referralprogram-congratulations at /var/www/html/presta/modules//referralprogram/mails/pl/referralprogram-congratulations.html [] []
[2021-01-12 11:05:25] app.INFO: Generate txt template referralprogram-congratulations at /var/www/html/presta/modules//referralprogram/mails/pl/referralprogram-congratulations.txt [] []
[2021-01-12 11:05:25] app.INFO: Generate html template referralprogram-invitation at /var/www/html/presta/modules//referralprogram/mails/pl/referralprogram-invitation.html [] []
[2021-01-12 11:05:25] app.INFO: Generate txt template referralprogram-invitation at /var/www/html/presta/modules//referralprogram/mails/pl/referralprogram-invitation.txt [] []
[2021-01-12 11:05:25] app.INFO: Generate html template referralprogram-voucher at /var/www/html/presta/modules//referralprogram/mails/pl/referralprogram-voucher.html [] []
[2021-01-12 11:05:25] app.INFO: Generate txt template referralprogram-voucher at /var/www/html/presta/modules//referralprogram/mails/pl/referralprogram-voucher.txt [] []
[2021-01-12 11:05:25] app.INFO: Generate html template newsletter_conf at /var/www/html/presta/modules//ps_emailsubscription/mails/pl/newsletter_conf.html [] []
[2021-01-12 11:05:25] app.INFO: Generate txt template newsletter_conf at /var/www/html/presta/modules//ps_emailsubscription/mails/pl/newsletter_conf.txt [] []
[2021-01-12 11:05:25] app.INFO: Generate html template newsletter_verif at /var/www/html/presta/modules//ps_emailsubscription/mails/pl/newsletter_verif.html [] []
[2021-01-12 11:05:25] app.INFO: Generate txt template newsletter_verif at /var/www/html/presta/modules//ps_emailsubscription/mails/pl/newsletter_verif.txt [] []
[2021-01-12 11:05:25] app.INFO: Generate html template newsletter_voucher at /var/www/html/presta/modules//ps_emailsubscription/mails/pl/newsletter_voucher.html [] []
[2021-01-12 11:05:25] app.INFO: Generate txt template newsletter_voucher at /var/www/html/presta/modules//ps_emailsubscription/mails/pl/newsletter_voucher.txt [] []
[2021-01-12 11:05:26] app.INFO: Generate html template customer_qty at /var/www/html/presta/modules//ps_emailalerts/mails/pl/customer_qty.html [] []
[2021-01-12 11:05:26] app.INFO: Generate txt template customer_qty at /var/www/html/presta/modules//ps_emailalerts/mails/pl/customer_qty.txt [] []
[2021-01-12 11:05:26] app.INFO: Generate html template new_order at /var/www/html/presta/modules//ps_emailalerts/mails/pl/new_order.html [] []
[2021-01-12 11:05:26] app.INFO: Generate txt template new_order at /var/www/html/presta/modules//ps_emailalerts/mails/pl/new_order.txt [] []
[2021-01-12 11:05:26] app.INFO: Generate html template order_changed at /var/www/html/presta/modules//ps_emailalerts/mails/pl/order_changed.html [] []
[2021-01-12 11:05:26] app.INFO: Generate txt template order_changed at /var/www/html/presta/modules//ps_emailalerts/mails/pl/order_changed.txt [] []
[2021-01-12 11:05:26] app.INFO: Generate html template productcoverage at /var/www/html/presta/modules//ps_emailalerts/mails/pl/productcoverage.html [] []
[2021-01-12 11:05:26] app.INFO: Generate txt template productcoverage at /var/www/html/presta/modules//ps_emailalerts/mails/pl/productcoverage.txt [] []
[2021-01-12 11:05:26] app.INFO: Generate html template productoutofstock at /var/www/html/presta/modules//ps_emailalerts/mails/pl/productoutofstock.html [] []
[2021-01-12 11:05:26] app.INFO: Generate txt template productoutofstock at /var/www/html/presta/modules//ps_emailalerts/mails/pl/productoutofstock.txt [] []
[2021-01-12 11:05:26] app.INFO: Generate html template return_slip at /var/www/html/presta/modules//ps_emailalerts/mails/pl/return_slip.html [] []
[2021-01-12 11:05:26] app.INFO: Generate txt template return_slip at /var/www/html/presta/modules//ps_emailalerts/mails/pl/return_slip.txt [] []
[2021-01-12 11:05:26] app.INFO: Generate html template followup_1 at /var/www/html/presta/modules//followup/mails/pl/followup_1.html [] []
[2021-01-12 11:05:26] app.INFO: Generate txt template followup_1 at /var/www/html/presta/modules//followup/mails/pl/followup_1.txt [] []
[2021-01-12 11:05:26] app.INFO: Generate html template followup_2 at /var/www/html/presta/modules//followup/mails/pl/followup_2.html [] []
[2021-01-12 11:05:26] app.INFO: Generate txt template followup_2 at /var/www/html/presta/modules//followup/mails/pl/followup_2.txt [] []
[2021-01-12 11:05:26] app.INFO: Generate html template followup_3 at /var/www/html/presta/modules//followup/mails/pl/followup_3.html [] []
[2021-01-12 11:05:26] app.INFO: Generate txt template followup_3 at /var/www/html/presta/modules//followup/mails/pl/followup_3.txt [] []
[2021-01-12 11:05:26] app.INFO: Generate html template followup_4 at /var/www/html/presta/modules//followup/mails/pl/followup_4.html [] []
[2021-01-12 11:05:26] app.INFO: Generate txt template followup_4 at /var/www/html/presta/modules//followup/mails/pl/followup_4.txt [] []
[2021-01-12 11:05:32] app.INFO: Protect vendor folder in module contactform [] []
[2021-01-12 11:05:32] app.INFO: Module contactform has no vendor folder [] []
[2021-01-12 11:05:33] app.INFO: Protect vendor folder in module dashactivity [] []
[2021-01-12 11:05:33] app.INFO: Module dashactivity has no vendor folder [] []
[2021-01-12 11:05:33] app.INFO: Protect vendor folder in module dashtrends [] []
[2021-01-12 11:05:33] app.INFO: Module dashtrends has no vendor folder [] []
[2021-01-12 11:05:33] app.INFO: Protect vendor folder in module dashgoals [] []
[2021-01-12 11:05:33] app.INFO: Module dashgoals has no vendor folder [] []
[2021-01-12 11:05:33] app.INFO: Protect vendor folder in module dashproducts [] []
[2021-01-12 11:05:33] app.INFO: Module dashproducts has no vendor folder [] []
[2021-01-12 11:05:33] app.INFO: Protect vendor folder in module graphnvd3 [] []
[2021-01-12 11:05:33] app.INFO: Module graphnvd3 has no vendor folder [] []
[2021-01-12 11:05:33] app.INFO: Protect vendor folder in module gridhtml [] []
[2021-01-12 11:05:33] app.INFO: Module gridhtml has no vendor folder [] []
[2021-01-12 11:05:33] app.INFO: Protect vendor folder in module gsitemap [] []
[2021-01-12 11:05:33] app.INFO: Module gsitemap has no vendor folder [] []
[2021-01-12 11:05:33] app.INFO: Protect vendor folder in module ps_banner [] []
[2021-01-12 11:05:33] app.INFO: Module ps_banner has no vendor folder [] []
[2021-01-12 11:05:33] app.INFO: Protect vendor folder in module ps_categorytree [] []
[2021-01-12 11:05:33] app.INFO: Module ps_categorytree has no vendor folder [] []
[2021-01-12 11:05:33] app.INFO: Protect vendor folder in module ps_checkpayment [] []
[2021-01-12 11:05:33] app.INFO: Module ps_checkpayment has no vendor folder [] []
[2021-01-12 11:05:33] app.INFO: Protect vendor folder in module ps_contactinfo [] []
[2021-01-12 11:05:33] app.INFO: Module ps_contactinfo has no vendor folder [] []
[2021-01-12 11:05:33] app.INFO: Protect vendor folder in module ps_currencyselector [] []
[2021-01-12 11:05:33] app.INFO: Module ps_currencyselector has no vendor folder [] []
[2021-01-12 11:05:34] app.INFO: Protect vendor folder in module ps_customeraccountlinks [] []
[2021-01-12 11:05:34] app.INFO: Module ps_customeraccountlinks has no vendor folder [] []
[2021-01-12 11:05:34] app.INFO: Protect vendor folder in module ps_customersignin [] []
[2021-01-12 11:05:34] app.INFO: Module ps_customersignin has no vendor folder [] []
[2021-01-12 11:05:34] app.INFO: Protect vendor folder in module ps_customtext [] []
[2021-01-12 11:05:34] app.INFO: Module ps_customtext has no vendor folder [] []
[2021-01-12 11:05:34] app.INFO: Protect vendor folder in module ps_emailsubscription [] []
[2021-01-12 11:05:34] app.INFO: Module ps_emailsubscription has no vendor folder [] []
[2021-01-12 11:05:34] app.INFO: Protect vendor folder in module ps_facetedsearch [] []
[2021-01-12 11:05:34] app.INFO: Module ps_facetedsearch has no vendor folder [] []
[2021-01-12 11:05:34] app.INFO: Protect vendor folder in module ps_faviconnotificationbo [] []
[2021-01-12 11:05:34] app.INFO: Module ps_faviconnotificationbo has no vendor folder [] []
[2021-01-12 11:05:34] app.INFO: Protect vendor folder in module ps_featuredproducts [] []
[2021-01-12 11:05:34] app.INFO: Module ps_featuredproducts has no vendor folder [] []
[2021-01-12 11:05:35] app.INFO: Protect vendor folder in module ps_imageslider [] []
[2021-01-12 11:05:35] app.INFO: Module ps_imageslider has no vendor folder [] []
[2021-01-12 11:05:35] app.INFO: Protect vendor folder in module ps_languageselector [] []
[2021-01-12 11:05:35] app.INFO: Module ps_languageselector has no vendor folder [] []
[2021-01-12 11:05:35] app.INFO: Protect vendor folder in module ps_linklist [] []
[2021-01-12 11:05:35] app.INFO: Module ps_linklist has no vendor folder [] []
[2021-01-12 11:05:35] app.ERROR: Class "AdminLinkWidgetController" not found in controllers/admin [] []
[2021-01-12 11:05:35] app.INFO: Protect vendor folder in module ps_mainmenu [] []
[2021-01-12 11:05:35] app.INFO: Module ps_mainmenu has no vendor folder [] []
[2021-01-12 11:05:35] app.INFO: Protect vendor folder in module ps_searchbar [] []
[2021-01-12 11:05:35] app.INFO: Module ps_searchbar has no vendor folder [] []
[2021-01-12 11:05:35] app.INFO: Protect vendor folder in module ps_sharebuttons [] []
[2021-01-12 11:05:35] app.INFO: Module ps_sharebuttons has no vendor folder [] []
[2021-01-12 11:05:35] app.INFO: Protect vendor folder in module ps_shoppingcart [] []
[2021-01-12 11:05:35] app.INFO: Module ps_shoppingcart has no vendor folder [] []
[2021-01-12 11:05:35] app.INFO: Protect vendor folder in module ps_socialfollow [] []
[2021-01-12 11:05:35] app.INFO: Module ps_socialfollow has no vendor folder [] []
[2021-01-12 11:05:35] app.INFO: Protect vendor folder in module ps_themecusto [] []
[2021-01-12 11:05:35] app.INFO: Module ps_themecusto has no vendor folder [] []
[2021-01-12 11:05:36] app.INFO: Protect vendor folder in module ps_wirepayment [] []
[2021-01-12 11:05:36] app.INFO: Module ps_wirepayment has no vendor folder [] []
[2021-01-12 11:05:36] app.INFO: Protect vendor folder in module pagesnotfound [] []
[2021-01-12 11:05:36] app.INFO: Module pagesnotfound has no vendor folder [] []
[2021-01-12 11:05:36] app.INFO: Protect vendor folder in module sekeywords [] []
[2021-01-12 11:05:36] app.INFO: Module sekeywords has no vendor folder [] []
[2021-01-12 11:05:36] app.INFO: Protect vendor folder in module statsbestcategories [] []
[2021-01-12 11:05:36] app.INFO: Module statsbestcategories has no vendor folder [] []
[2021-01-12 11:05:36] app.INFO: Protect vendor folder in module statsbestcustomers [] []
[2021-01-12 11:05:36] app.INFO: Module statsbestcustomers has no vendor folder [] []
[2021-01-12 11:05:36] app.INFO: Protect vendor folder in module statsbestproducts [] []
[2021-01-12 11:05:36] app.INFO: Module statsbestproducts has no vendor folder [] []
[2021-01-12 11:05:36] app.INFO: Protect vendor folder in module statsbestsuppliers [] []
[2021-01-12 11:05:36] app.INFO: Module statsbestsuppliers has no vendor folder [] []
[2021-01-12 11:05:36] app.INFO: Protect vendor folder in module statsbestvouchers [] []
[2021-01-12 11:05:36] app.INFO: Module statsbestvouchers has no vendor folder [] []
[2021-01-12 11:05:36] app.INFO: Protect vendor folder in module statscarrier [] []
[2021-01-12 11:05:36] app.INFO: Module statscarrier has no vendor folder [] []
[2021-01-12 11:05:36] app.INFO: Protect vendor folder in module statscatalog [] []
[2021-01-12 11:05:36] app.INFO: Module statscatalog has no vendor folder [] []
[2021-01-12 11:05:36] app.INFO: Protect vendor folder in module statscheckup [] []
[2021-01-12 11:05:36] app.INFO: Module statscheckup has no vendor folder [] []
[2021-01-12 11:05:36] app.INFO: Protect vendor folder in module statsdata [] []
[2021-01-12 11:05:36] app.INFO: Module statsdata has no vendor folder [] []
[2021-01-12 11:05:36] app.INFO: Protect vendor folder in module statsequipment [] []
[2021-01-12 11:05:36] app.INFO: Module statsequipment has no vendor folder [] []
[2021-01-12 11:05:36] app.INFO: Protect vendor folder in module statsforecast [] []
[2021-01-12 11:05:36] app.INFO: Module statsforecast has no vendor folder [] []
[2021-01-12 11:05:36] app.INFO: Protect vendor folder in module statslive [] []
[2021-01-12 11:05:36] app.INFO: Module statslive has no vendor folder [] []
[2021-01-12 11:05:36] app.INFO: Protect vendor folder in module statsnewsletter [] []
[2021-01-12 11:05:36] app.INFO: Module statsnewsletter has no vendor folder [] []
[2021-01-12 11:05:36] app.INFO: Protect vendor folder in module statsorigin [] []
[2021-01-12 11:05:36] app.INFO: Module statsorigin has no vendor folder [] []
[2021-01-12 11:05:36] app.INFO: Protect vendor folder in module statspersonalinfos [] []
[2021-01-12 11:05:36] app.INFO: Module statspersonalinfos has no vendor folder [] []
[2021-01-12 11:05:37] app.INFO: Protect vendor folder in module statsproduct [] []
[2021-01-12 11:05:37] app.INFO: Module statsproduct has no vendor folder [] []
[2021-01-12 11:05:37] app.INFO: Protect vendor folder in module statsregistrations [] []
[2021-01-12 11:05:37] app.INFO: Module statsregistrations has no vendor folder [] []
[2021-01-12 11:05:37] app.INFO: Protect vendor folder in module statssales [] []
[2021-01-12 11:05:37] app.INFO: Module statssales has no vendor folder [] []
[2021-01-12 11:05:37] app.INFO: Protect vendor folder in module statssearch [] []
[2021-01-12 11:05:37] app.INFO: Module statssearch has no vendor folder [] []
[2021-01-12 11:05:37] app.INFO: Protect vendor folder in module statsstock [] []
[2021-01-12 11:05:37] app.INFO: Module statsstock has no vendor folder [] []
[2021-01-12 11:05:37] app.INFO: Protect vendor folder in module statsvisits [] []
[2021-01-12 11:05:37] app.INFO: Module statsvisits has no vendor folder [] []
[2021-01-12 11:05:37] app.INFO: Protect vendor folder in module welcome [] []
[2021-01-12 11:05:37] app.INFO: Exporting mail with theme modern for language English (English) [] []
[2021-01-12 11:05:37] app.INFO: Core output folder: /var/www/html/presta/mails [] []
[2021-01-12 11:05:37] app.INFO: Modules output folder: /var/www/html/presta/modules/ [] []
[2021-01-12 11:05:38] app.INFO: Exporting mail with theme modern for language Polski (Polish) [] []
[2021-01-12 11:05:38] app.INFO: Core output folder: /var/www/html/presta/mails [] []
[2021-01-12 11:05:38] app.INFO: Modules output folder: /var/www/html/presta/modules/ [] []
[2021-01-12 11:05:45] app.INFO: Protect vendor folder in module gamification [] []
[2021-01-12 11:05:45] app.INFO: Protect vendor folder in module emarketing [] []
[2021-01-12 11:05:45] app.INFO: Protect vendor folder in module psaddonsconnect [] []
[2021-01-12 11:05:45] app.INFO: Protect vendor folder in module psgdpr [] []
[2021-01-12 11:05:45] app.INFO: Protect vendor folder in module ps_mbo [] []
[2021-01-12 11:05:45] app.INFO: Protect vendor folder in module ps_buybuttonlite [] []
[2021-01-12 11:05:46] app.INFO: Exporting mail with theme modern for language English (English) [] []
[2021-01-12 11:05:46] app.INFO: Core output folder: /var/www/html/presta/mails [] []
[2021-01-12 11:05:46] app.INFO: Modules output folder: /var/www/html/presta/modules/ [] []
[2021-01-12 11:05:46] app.INFO: Exporting mail with theme modern for language Polski (Polish) [] []
[2021-01-12 11:05:46] app.INFO: Core output folder: /var/www/html/presta/mails [] []
[2021-01-12 11:05:46] app.INFO: Modules output folder: /var/www/html/presta/modules/ [] []
[2021-01-12 11:05:46] app.INFO: Protect vendor folder in module blockreassurance [] []
[2021-01-12 11:05:46] app.INFO: Module blockreassurance has no vendor folder [] []
[2021-01-12 11:06:01] app.INFO: Protect vendor folder in module ps_facetedsearch [] []
[2021-01-12 11:06:01] app.INFO: Module ps_facetedsearch has no vendor folder [] []
